This file contains any messages produced by compilers while
running configure, to aid debugging if configure makes a mistake.

It was created by hypre configure 2.10.0b, which was
generated by GNU Autoconf 2.63.  Invocation command line was

  $ ./configure 

## --------- ##
## Platform. ##
## --------- ##

hostname = Janas-MBP-15-5.fritz.box
uname -m = x86_64
uname -r = 14.1.0
uname -s = Darwin
uname -v = Darwin Kernel Version 14.1.0: Mon Dec 22 23:10:38 PST 2014; root:xnu-2782.10.72~2/RELEASE_X86_64

/usr/bin/uname -p = i386
/bin/uname -X     = unknown

/bin/arch              = unknown
/usr/bin/arch -k       = unknown
/usr/convex/getsysinfo = unknown
/usr/bin/hostinfo      = Mach kernel version:
	 Darwin Kernel Version 14.1.0: Mon Dec 22 23:10:38 PST 2014; root:xnu-2782.10.72~2/RELEASE_X86_64
Kernel configured for up to 2 processors.
2 processors are physically available.
2 processors are logically available.
Processor type: i486 (Intel 80486)
Processors active: 0 1
Primary memory available: 4.00 gigabytes
Default processor set: 181 tasks, 772 threads, 2 processors
Load average: 1.24, Mach factor: 0.75
/bin/machine           = unknown
/usr/bin/oslevel       = unknown
/bin/universe          = unknown

PATH: /opt/local/bin
PATH: /opt/local/sbin
PATH: /usr/local/bin
PATH: /sw/bin
PATH: /sw/sbin
PATH: /opt/local/bin
PATH: /opt/local/sbin
PATH: /usr/local/bin
PATH: /usr/bin
PATH: /bin
PATH: /usr/sbin
PATH: /sbin
PATH: /opt/X11/bin
PATH: /usr/X11R6/bin


## ----------- ##
## Core tests. ##
## ----------- ##

configure:2094: checking build system type
configure:2112: result: i686-apple-darwin14.1.0
configure:2138: checking host system type
configure:2153: result: i686-apple-darwin14.1.0
configure:3065: checking for mpxlc
configure:3095: result: no
configure:3065: checking for mpixlc
configure:3095: result: no
configure:3065: checking for mpiicc
configure:3095: result: no
configure:3065: checking for mpicc
configure:3081: found /usr/local/bin/mpicc
configure:3092: result: mpicc
configure:3254: checking for mpxlC
configure:3284: result: no
configure:3254: checking for mpixlcxx
configure:3284: result: no
configure:3254: checking for mpiicpc
configure:3284: result: no
configure:3254: checking for mpiCC
configure:3270: found /usr/local/bin/mpiCC
configure:3281: result: mpiCC
configure:3443: checking for mpxlf
configure:3473: result: no
configure:3443: checking for mpixlf77
configure:3473: result: no
configure:3443: checking for mpiifort
configure:3473: result: no
configure:3443: checking for mpif77
configure:3459: found /usr/local/bin/mpif77
configure:3470: result: mpif77
configure:3490: checking whether make sets $(MAKE)
configure:3512: result: yes
configure:3564: checking for ranlib
configure:3580: found /opt/local/bin/ranlib
configure:3591: result: ranlib
configure:3923: checking for C compiler version
configure:3931: mpicc --version >&5
gcc (MacPorts gcc47 4.7.4_3) 4.7.4
Copyright (C) 2012 Free Software Foundation, Inc.
This is free software; see the source for copying conditions.  There is NO
warranty; not even for MERCHANTABILITY or FITNESS FOR A PARTICULAR PURPOSE.

configure:3935: $? = 0
configure:3942: mpicc -v >&5
Using built-in specs.
COLLECT_GCC=/opt/local/bin/gcc
COLLECT_LTO_WRAPPER=/opt/local/libexec/gcc/x86_64-apple-darwin14/4.7.4/lto-wrapper
Target: x86_64-apple-darwin14
Configured with: /opt/local/var/macports/build/_opt_mports_dports_lang_gcc47/gcc47/work/gcc-4.7.4/configure --prefix=/opt/local --build=x86_64-apple-darwin14 --enable-languages=c,c++,objc,obj-c++,lto,fortran,java --libdir=/opt/local/lib/gcc47 --includedir=/opt/local/include/gcc47 --infodir=/opt/local/share/info --mandir=/opt/local/share/man --datarootdir=/opt/local/share/gcc-4.7 --with-libiconv-prefix=/opt/local --with-local-prefix=/opt/local --with-system-zlib --disable-nls --program-suffix=-mp-4.7 --with-gxx-include-dir=/opt/local/include/gcc47/c++/ --with-gmp=/opt/local --with-mpfr=/opt/local --with-mpc=/opt/local --with-ppl=/opt/local --with-cloog=/opt/local --enable-cloog-backend=isl --disable-cloog-version-check --enable-stage1-checking --disable-multilib --enable-lto --enable-libstdcxx-time --with-as=/opt/local/bin/as --with-ld=/opt/local/bin/ld --with-ar=/opt/local/bin/ar --with-bugurl=https://trac.macports.org/newticket --disable-ppl-version-check --with-pkgversion='MacPorts gcc47 4.7.4_3'
Thread model: posix
gcc version 4.7.4 (MacPorts gcc47 4.7.4_3) 
configure:3946: $? = 0
configure:3953: mpicc -V >&5
gcc: error: unrecognized command line option '-V'
gcc: fatal error: no input files
compilation terminated.
configure:3957: $? = 1
configure:3980: checking for C compiler default output file name
configure:4002: mpicc    conftest.c  >&5
configure:4006: $? = 0
configure:4044: result: a.out
configure:4063: checking whether the C compiler works
configure:4073: ./a.out
configure:4077: $? = 0
configure:4096: result: yes
configure:4103: checking whether we are cross compiling
configure:4105: result: no
configure:4108: checking for suffix of executables
configure:4115: mpicc -o conftest    conftest.c  >&5
configure:4119: $? = 0
configure:4145: result: 
configure:4151: checking for suffix of object files
configure:4177: mpicc -c   conftest.c >&5
configure:4181: $? = 0
configure:4206: result: o
configure:4210: checking whether we are using the GNU C compiler
configure:4239: mpicc -c   conftest.c >&5
configure:4246: $? = 0
configure:4263: result: yes
configure:4272: checking whether mpicc accepts -g
configure:4302: mpicc -c -g  conftest.c >&5
configure:4309: $? = 0
configure:4410: result: yes
configure:4427: checking for mpicc option to accept ISO C89
configure:4501: mpicc  -c -g -O2  conftest.c >&5
configure:4508: $? = 0
configure:4531: result: none needed
configure:4665: checking for C++ compiler version
configure:4673: mpiCC --version >&5
gcc (MacPorts gcc47 4.7.4_3) 4.7.4
Copyright (C) 2012 Free Software Foundation, Inc.
This is free software; see the source for copying conditions.  There is NO
warranty; not even for MERCHANTABILITY or FITNESS FOR A PARTICULAR PURPOSE.

configure:4677: $? = 0
configure:4684: mpiCC -v >&5
Using built-in specs.
COLLECT_GCC=/opt/local/bin/gcc
COLLECT_LTO_WRAPPER=/opt/local/libexec/gcc/x86_64-apple-darwin14/4.7.4/lto-wrapper
Target: x86_64-apple-darwin14
Configured with: /opt/local/var/macports/build/_opt_mports_dports_lang_gcc47/gcc47/work/gcc-4.7.4/configure --prefix=/opt/local --build=x86_64-apple-darwin14 --enable-languages=c,c++,objc,obj-c++,lto,fortran,java --libdir=/opt/local/lib/gcc47 --includedir=/opt/local/include/gcc47 --infodir=/opt/local/share/info --mandir=/opt/local/share/man --datarootdir=/opt/local/share/gcc-4.7 --with-libiconv-prefix=/opt/local --with-local-prefix=/opt/local --with-system-zlib --disable-nls --program-suffix=-mp-4.7 --with-gxx-include-dir=/opt/local/include/gcc47/c++/ --with-gmp=/opt/local --with-mpfr=/opt/local --with-mpc=/opt/local --with-ppl=/opt/local --with-cloog=/opt/local --enable-cloog-backend=isl --disable-cloog-version-check --enable-stage1-checking --disable-multilib --enable-lto --enable-libstdcxx-time --with-as=/opt/local/bin/as --with-ld=/opt/local/bin/ld --with-ar=/opt/local/bin/ar --with-bugurl=https://trac.macports.org/newticket --disable-ppl-version-check --with-pkgversion='MacPorts gcc47 4.7.4_3'
Thread model: posix
gcc version 4.7.4 (MacPorts gcc47 4.7.4_3) 
configure:4688: $? = 0
configure:4695: mpiCC -V >&5
gcc: error: unrecognized command line option '-V'
gcc: fatal error: no input files
compilation terminated.
configure:4699: $? = 1
configure:4702: checking whether we are using the GNU C++ compiler
configure:4731: mpiCC -c   conftest.cpp >&5
configure:4738: $? = 0
configure:4755: result: yes
configure:4764: checking whether mpiCC accepts -g
configure:4794: mpiCC -c -g  conftest.cpp >&5
configure:4801: $? = 0
configure:4902: result: yes
configure:5035: checking for Fortran 77 compiler version
configure:5043: mpif77 --version >&5
GNU Fortran (MacPorts gcc47 4.7.4_3) 4.7.4
Copyright (C) 2012 Free Software Foundation, Inc.

GNU Fortran comes with NO WARRANTY, to the extent permitted by law.
You may redistribute copies of GNU Fortran
under the terms of the GNU General Public License.
For more information about these matters, see the file named COPYING

configure:5047: $? = 0
configure:5054: mpif77 -v >&5
Using built-in specs.
COLLECT_GCC=/opt/local/bin/gfortran
COLLECT_LTO_WRAPPER=/opt/local/libexec/gcc/x86_64-apple-darwin14/4.7.4/lto-wrapper
Target: x86_64-apple-darwin14
Configured with: /opt/local/var/macports/build/_opt_mports_dports_lang_gcc47/gcc47/work/gcc-4.7.4/configure --prefix=/opt/local --build=x86_64-apple-darwin14 --enable-languages=c,c++,objc,obj-c++,lto,fortran,java --libdir=/opt/local/lib/gcc47 --includedir=/opt/local/include/gcc47 --infodir=/opt/local/share/info --mandir=/opt/local/share/man --datarootdir=/opt/local/share/gcc-4.7 --with-libiconv-prefix=/opt/local --with-local-prefix=/opt/local --with-system-zlib --disable-nls --program-suffix=-mp-4.7 --with-gxx-include-dir=/opt/local/include/gcc47/c++/ --with-gmp=/opt/local --with-mpfr=/opt/local --with-mpc=/opt/local --with-ppl=/opt/local --with-cloog=/opt/local --enable-cloog-backend=isl --disable-cloog-version-check --enable-stage1-checking --disable-multilib --enable-lto --enable-libstdcxx-time --with-as=/opt/local/bin/as --with-ld=/opt/local/bin/ld --with-ar=/opt/local/bin/ar --with-bugurl=https://trac.macports.org/newticket --disable-ppl-version-check --with-pkgversion='MacPorts gcc47 4.7.4_3'
Thread model: posix
gcc version 4.7.4 (MacPorts gcc47 4.7.4_3) 
configure:5058: $? = 0
configure:5065: mpif77 -V >&5
gfortran: error: unrecognized command line option '-V'
gfortran: fatal error: no input files
compilation terminated.
configure:5069: $? = 1
configure:5077: checking whether we are using the GNU Fortran 77 compiler
configure:5096: mpif77 -c  conftest.F >&5
configure:5103: $? = 0
configure:5120: result: yes
configure:5126: checking whether mpif77 accepts -g
configure:5143: mpif77 -c -g conftest.f >&5
configure:5150: $? = 0
configure:5166: result: yes
configure:5200: checking how to get verbose linking output from mpif77
configure:5216: mpif77 -c -g -O2 conftest.f >&5
configure:5223: $? = 0
configure:5245: mpif77 -o conftest -g -O2 -v conftest.f
Using built-in specs.
Target: x86_64-apple-darwin14
Configured with: /opt/local/var/macports/build/_opt_mports_dports_lang_gcc47/gcc47/work/gcc-4.7.4/configure --prefix=/opt/local --build=x86_64-apple-darwin14 --enable-languages=c,c++,objc,obj-c++,lto,fortran,java --libdir=/opt/local/lib/gcc47 --includedir=/opt/local/include/gcc47 --infodir=/opt/local/share/info --mandir=/opt/local/share/man --datarootdir=/opt/local/share/gcc-4.7 --with-libiconv-prefix=/opt/local --with-local-prefix=/opt/local --with-system-zlib --disable-nls --program-suffix=-mp-4.7 --with-gxx-include-dir=/opt/local/include/gcc47/c++/ --with-gmp=/opt/local --with-mpfr=/opt/local --with-mpc=/opt/local --with-ppl=/opt/local --with-cloog=/opt/local --enable-cloog-backend=isl --disable-cloog-version-check --enable-stage1-checking --disable-multilib --enable-lto --enable-libstdcxx-time --with-as=/opt/local/bin/as --with-ld=/opt/local/bin/ld --with-ar=/opt/local/bin/ar --with-bugurl=https://trac.macports.org/newticket --disable-ppl-version-check --with-pkgversion='MacPorts gcc47 4.7.4_3'
Thread model: posix
gcc version 4.7.4 (MacPorts gcc47 4.7.4_3) 
 /opt/local/libexec/gcc/x86_64-apple-darwin14/4.7.4/f951 conftest.f -ffixed-form -I /usr/local/include -I /usr/local/lib -fPIC -feliminate-unused-debug-symbols -quiet -dumpbase conftest.f -mmacosx-version-min=10.10.1 -mtune=core2 -auxbase conftest -g -O2 -version -fintrinsic-modules-path /opt/local/lib/gcc47/gcc/x86_64-apple-darwin14/4.7.4/finclude -o /var/folders/ym/tvl2l_tn3_z2cc7l4_pmjsfw0000gr/T//ccFSOJ6Y.s
GNU Fortran (MacPorts gcc47 4.7.4_3) version 4.7.4 (x86_64-apple-darwin14)
	compiled by GNU C version 4.7.4, GMP version 6.0.0, MPFR version 3.1.2-p10, MPC version 1.0.2
warning: MPC header version 1.0.2 differs from library version 1.0.3.
GGC heuristics: --param ggc-min-expand=100 --param ggc-min-heapsize=131072
GNU Fortran (MacPorts gcc47 4.7.4_3) version 4.7.4 (x86_64-apple-darwin14)
	compiled by GNU C version 4.7.4, GMP version 6.0.0, MPFR version 3.1.2-p10, MPC version 1.0.2
warning: MPC header version 1.0.2 differs from library version 1.0.3.
GGC heuristics: --param ggc-min-expand=100 --param ggc-min-heapsize=131072
 /opt/local/bin/as -v -I /usr/local/include -I /usr/local/lib -arch x86_64 -force_cpusubtype_ALL -o /var/folders/ym/tvl2l_tn3_z2cc7l4_pmjsfw0000gr/T//ccHXYtcS.o /var/folders/ym/tvl2l_tn3_z2cc7l4_pmjsfw0000gr/T//ccFSOJ6Y.s
Apple Inc version cctools-862, GNU assembler version 1.38
Reading specs from /opt/local/lib/gcc47/gcc/x86_64-apple-darwin14/4.7.4/../../../libgfortran.spec
rename spec lib to liborig
 /opt/local/libexec/gcc/x86_64-apple-darwin14/4.7.4/collect2 -dynamic -arch x86_64 -macosx_version_min 10.10.1 -weak_reference_mismatches non-weak -o conftest -L/usr/local/lib -L/opt/local/lib/gcc47/gcc/x86_64-apple-darwin14/4.7.4 -L/opt/local/lib/gcc47/gcc/x86_64-apple-darwin14/4.7.4/../../.. /var/folders/ym/tvl2l_tn3_z2cc7l4_pmjsfw0000gr/T//ccHXYtcS.o -commons use_dylibs -commons use_dylibs -lmpi_usempi -lmpi_mpifh -lmpi -lgfortran -no_compact_unwind -lSystem -lgcc_ext.10.5 -lgcc -lquadmath -lm -lgcc_ext.10.5 -lgcc -lSystem -v -idsym -dsym
collect2 version 4.7.4
/opt/local/bin/ld -dynamic -arch x86_64 -macosx_version_min 10.10.1 -weak_reference_mismatches non-weak -o conftest -L/usr/local/lib -L/opt/local/lib/gcc47/gcc/x86_64-apple-darwin14/4.7.4 -L/opt/local/lib/gcc47/gcc/x86_64-apple-darwin14/4.7.4/../../.. /var/folders/ym/tvl2l_tn3_z2cc7l4_pmjsfw0000gr/T//ccHXYtcS.o -commons use_dylibs -commons use_dylibs -lmpi_usempi -lmpi_mpifh -lmpi -lgfortran -no_compact_unwind -lSystem -lgcc_ext.10.5 -lgcc -lquadmath -lm -lgcc_ext.10.5 -lgcc -lSystem -v
@(#)PROGRAM:ld  PROJECT:ld64-236.3
configured to support archs: i386 x86_64 x86_64h armv6 armv7 armv7s armv7m arm64
Library search paths:
	/usr/local/lib
	/opt/local/lib/gcc47/gcc/x86_64-apple-darwin14/4.7.4
	/opt/local/lib/gcc47
	/usr/lib
	/usr/local/lib
Framework search paths:
	/Library/Frameworks/
	/System/Library/Frameworks/
Undefined symbols for architecture x86_64:
  "__gfortran_set_options", referenced from:
      _main in ccHXYtcS.o
ld: symbol(s) not found for architecture x86_64
collect2: error: ld returned 1 exit status
configure:5314: result: -v
configure:5316: checking for Fortran 77 libraries of mpif77
configure:5339: mpif77 -o conftest -g -O2 -v conftest.f
Using built-in specs.
Target: x86_64-apple-darwin14
Configured with: /opt/local/var/macports/build/_opt_mports_dports_lang_gcc47/gcc47/work/gcc-4.7.4/configure --prefix=/opt/local --build=x86_64-apple-darwin14 --enable-languages=c,c++,objc,obj-c++,lto,fortran,java --libdir=/opt/local/lib/gcc47 --includedir=/opt/local/include/gcc47 --infodir=/opt/local/share/info --mandir=/opt/local/share/man --datarootdir=/opt/local/share/gcc-4.7 --with-libiconv-prefix=/opt/local --with-local-prefix=/opt/local --with-system-zlib --disable-nls --program-suffix=-mp-4.7 --with-gxx-include-dir=/opt/local/include/gcc47/c++/ --with-gmp=/opt/local --with-mpfr=/opt/local --with-mpc=/opt/local --with-ppl=/opt/local --with-cloog=/opt/local --enable-cloog-backend=isl --disable-cloog-version-check --enable-stage1-checking --disable-multilib --enable-lto --enable-libstdcxx-time --with-as=/opt/local/bin/as --with-ld=/opt/local/bin/ld --with-ar=/opt/local/bin/ar --with-bugurl=https://trac.macports.org/newticket --disable-ppl-version-check --with-pkgversion='MacPorts gcc47 4.7.4_3'
Thread model: posix
gcc version 4.7.4 (MacPorts gcc47 4.7.4_3) 
 /opt/local/libexec/gcc/x86_64-apple-darwin14/4.7.4/f951 conftest.f -ffixed-form -I /usr/local/include -I /usr/local/lib -fPIC -feliminate-unused-debug-symbols -quiet -dumpbase conftest.f -mmacosx-version-min=10.10.1 -mtune=core2 -auxbase conftest -g -O2 -version -fintrinsic-modules-path /opt/local/lib/gcc47/gcc/x86_64-apple-darwin14/4.7.4/finclude -o /var/folders/ym/tvl2l_tn3_z2cc7l4_pmjsfw0000gr/T//cc0Be7WF.s
GNU Fortran (MacPorts gcc47 4.7.4_3) version 4.7.4 (x86_64-apple-darwin14)
	compiled by GNU C version 4.7.4, GMP version 6.0.0, MPFR version 3.1.2-p10, MPC version 1.0.2
warning: MPC header version 1.0.2 differs from library version 1.0.3.
GGC heuristics: --param ggc-min-expand=100 --param ggc-min-heapsize=131072
GNU Fortran (MacPorts gcc47 4.7.4_3) version 4.7.4 (x86_64-apple-darwin14)
	compiled by GNU C version 4.7.4, GMP version 6.0.0, MPFR version 3.1.2-p10, MPC version 1.0.2
warning: MPC header version 1.0.2 differs from library version 1.0.3.
GGC heuristics: --param ggc-min-expand=100 --param ggc-min-heapsize=131072
 /opt/local/bin/as -v -I /usr/local/include -I /usr/local/lib -arch x86_64 -force_cpusubtype_ALL -o /var/folders/ym/tvl2l_tn3_z2cc7l4_pmjsfw0000gr/T//cc5BodSX.o /var/folders/ym/tvl2l_tn3_z2cc7l4_pmjsfw0000gr/T//cc0Be7WF.s
Apple Inc version cctools-862, GNU assembler version 1.38
Reading specs from /opt/local/lib/gcc47/gcc/x86_64-apple-darwin14/4.7.4/../../../libgfortran.spec
rename spec lib to liborig
 /opt/local/libexec/gcc/x86_64-apple-darwin14/4.7.4/collect2 -dynamic -arch x86_64 -macosx_version_min 10.10.1 -weak_reference_mismatches non-weak -o conftest -L/usr/local/lib -L/opt/local/lib/gcc47/gcc/x86_64-apple-darwin14/4.7.4 -L/opt/local/lib/gcc47/gcc/x86_64-apple-darwin14/4.7.4/../../.. /var/folders/ym/tvl2l_tn3_z2cc7l4_pmjsfw0000gr/T//cc5BodSX.o -commons use_dylibs -commons use_dylibs -lmpi_usempi -lmpi_mpifh -lmpi -lgfortran -no_compact_unwind -lSystem -lgcc_ext.10.5 -lgcc -lquadmath -lm -lgcc_ext.10.5 -lgcc -lSystem -v -idsym -dsym
collect2 version 4.7.4
/opt/local/bin/ld -dynamic -arch x86_64 -macosx_version_min 10.10.1 -weak_reference_mismatches non-weak -o conftest -L/usr/local/lib -L/opt/local/lib/gcc47/gcc/x86_64-apple-darwin14/4.7.4 -L/opt/local/lib/gcc47/gcc/x86_64-apple-darwin14/4.7.4/../../.. /var/folders/ym/tvl2l_tn3_z2cc7l4_pmjsfw0000gr/T//cc5BodSX.o -commons use_dylibs -commons use_dylibs -lmpi_usempi -lmpi_mpifh -lmpi -lgfortran -no_compact_unwind -lSystem -lgcc_ext.10.5 -lgcc -lquadmath -lm -lgcc_ext.10.5 -lgcc -lSystem -v
@(#)PROGRAM:ld  PROJECT:ld64-236.3
configured to support archs: i386 x86_64 x86_64h armv6 armv7 armv7s armv7m arm64
Library search paths:
	/usr/local/lib
	/opt/local/lib/gcc47/gcc/x86_64-apple-darwin14/4.7.4
	/opt/local/lib/gcc47
	/usr/lib
	/usr/local/lib
Framework search paths:
	/Library/Frameworks/
	/System/Library/Frameworks/
Undefined symbols for architecture x86_64:
  "__gfortran_set_options", referenced from:
      _main in cc5BodSX.o
ld: symbol(s) not found for architecture x86_64
collect2: error: ld returned 1 exit status
configure:5516: result:  -L/usr/local/lib -L/opt/local/lib/gcc47/gcc/x86_64-apple-darwin14/4.7.4 -L/opt/local/lib/gcc47/gcc/x86_64-apple-darwin14/4.7.4/../../.. -lmpi_usempi -lmpi_mpifh -lmpi -lgfortran -lquadmath -lm
configure:5533: checking for dummy main to link with Fortran 77 libraries
configure:5577: mpicc -o conftest -g -O2   conftest.c   -L/usr/local/lib -L/opt/local/lib/gcc47/gcc/x86_64-apple-darwin14/4.7.4 -L/opt/local/lib/gcc47/gcc/x86_64-apple-darwin14/4.7.4/../../.. -lmpi_usempi -lmpi_mpifh -lmpi -lgfortran -lquadmath -lm >&5
configure:5584: $? = 0
configure:5672: result: none
configure:5711: checking for Fortran 77 name-mangling scheme
configure:5730: mpif77 -c -g -O2 conftest.f >&5
configure:5737: $? = 0
configure:5792: mpicc -o conftest -g -O2   conftest.c cfortran_test.o   -L/usr/local/lib -L/opt/local/lib/gcc47/gcc/x86_64-apple-darwin14/4.7.4 -L/opt/local/lib/gcc47/gcc/x86_64-apple-darwin14/4.7.4/../../.. -lmpi_usempi -lmpi_mpifh -lmpi -lgfortran -lquadmath -lm >&5
Undefined symbols for architecture x86_64:
  "_foobar", referenced from:
      _main in ccEbL5uX.o
     (maybe you meant: _foobar_)
ld: symbol(s) not found for architecture x86_64
collect2: error: ld returned 1 exit status
configure:5799: $? = 1
configure: failed program was:
| /* confdefs.h.  */
| #define PACKAGE_NAME "hypre"
| #define PACKAGE_TARNAME "hypre"
| #define PACKAGE_VERSION "2.10.0b"
| #define PACKAGE_STRING "hypre 2.10.0b"
| #define PACKAGE_BUGREPORT ""
| #define HYPRE_RELEASE_NAME "hypre"
| #define HYPRE_RELEASE_VERSION "2.10.0b"
| #define HYPRE_RELEASE_DATE "2015/01/22"
| #define HYPRE_RELEASE_TIME "00:00:00"
| #define HYPRE_RELEASE_BUGS "hypre-support@llnl.gov"
| #define HYPRE_MAXDIM 3
| #define HYPRE_FMANGLE 0
| #define HYPRE_FMANGLE_BLAS 0
| #define HYPRE_FMANGLE_LAPACK 0
| /* end confdefs.h.  */
| 
| /* Override any GCC internal prototype to avoid an error.
|    Use char because int might match the return type of a GCC
|    builtin and then its argument prototype would still apply.  */
| #ifdef __cplusplus
| extern "C"
| #endif
| char foobar ();
| #ifdef F77_DUMMY_MAIN
| 
| #  ifdef __cplusplus
|      extern "C"
| #  endif
|    int F77_DUMMY_MAIN() { return 1; }
| 
| #endif
| int
| main ()
| {
| return foobar ();
|   ;
|   return 0;
| }
configure:5792: mpicc -o conftest -g -O2   conftest.c cfortran_test.o   -L/usr/local/lib -L/opt/local/lib/gcc47/gcc/x86_64-apple-darwin14/4.7.4 -L/opt/local/lib/gcc47/gcc/x86_64-apple-darwin14/4.7.4/../../.. -lmpi_usempi -lmpi_mpifh -lmpi -lgfortran -lquadmath -lm >&5
configure:5799: $? = 0
configure:5881: mpicc -o conftest -g -O2   conftest.c cfortran_test.o   -L/usr/local/lib -L/opt/local/lib/gcc47/gcc/x86_64-apple-darwin14/4.7.4 -L/opt/local/lib/gcc47/gcc/x86_64-apple-darwin14/4.7.4/../../.. -lmpi_usempi -lmpi_mpifh -lmpi -lgfortran -lquadmath -lm >&5
configure:5888: $? = 0
configure:5951: result: lower case, underscore, no extra underscore
configure:6063: checking for MPI_Init
configure:6127: mpicc -o conftest -g -O2   conftest.c  >&5
configure:6134: $? = 0
configure:6154: result: yes
configure:6323: checking for mpi.h
configure:6354: mpicc -c -g -O2  conftest.c >&5
configure:6361: $? = 0
configure:6366: result: yes
configure:6400: checking for MPI_Comm_f2c
configure:6464: mpicc -o conftest -g -O2   conftest.c    >&5
configure:6471: $? = 0
configure:6493: result: yes
configure:6510: checking how to run the C preprocessor
configure:6550: mpicc -E  conftest.c
configure:6557: $? = 0
configure:6588: mpicc -E  conftest.c
conftest.c:21:28: fatal error: ac_nonexistent.h: No such file or directory
compilation terminated.
configure:6595: $? = 1
configure: failed program was:
| /* confdefs.h.  */
| #define PACKAGE_NAME "hypre"
| #define PACKAGE_TARNAME "hypre"
| #define PACKAGE_VERSION "2.10.0b"
| #define PACKAGE_STRING "hypre 2.10.0b"
| #define PACKAGE_BUGREPORT ""
| #define HYPRE_RELEASE_NAME "hypre"
| #define HYPRE_RELEASE_VERSION "2.10.0b"
| #define HYPRE_RELEASE_DATE "2015/01/22"
| #define HYPRE_RELEASE_TIME "00:00:00"
| #define HYPRE_RELEASE_BUGS "hypre-support@llnl.gov"
| #define HYPRE_MAXDIM 3
| #define HYPRE_FMANGLE 0
| #define HYPRE_FMANGLE_BLAS 0
| #define HYPRE_FMANGLE_LAPACK 0
| #define F77_FUNC(name,NAME) name ## _
| #define F77_FUNC_(name,NAME) name ## _
| #define HYPRE_HAVE_MPI 1
| #define HAVE_MPI_COMM_F2C 1
| /* end confdefs.h.  */
| #include <ac_nonexistent.h>
configure:6628: result: mpicc -E
configure:6657: mpicc -E  conftest.c
configure:6664: $? = 0
configure:6695: mpicc -E  conftest.c
conftest.c:21:28: fatal error: ac_nonexistent.h: No such file or directory
compilation terminated.
configure:6702: $? = 1
configure: failed program was:
| /* confdefs.h.  */
| #define PACKAGE_NAME "hypre"
| #define PACKAGE_TARNAME "hypre"
| #define PACKAGE_VERSION "2.10.0b"
| #define PACKAGE_STRING "hypre 2.10.0b"
| #define PACKAGE_BUGREPORT ""
| #define HYPRE_RELEASE_NAME "hypre"
| #define HYPRE_RELEASE_VERSION "2.10.0b"
| #define HYPRE_RELEASE_DATE "2015/01/22"
| #define HYPRE_RELEASE_TIME "00:00:00"
| #define HYPRE_RELEASE_BUGS "hypre-support@llnl.gov"
| #define HYPRE_MAXDIM 3
| #define HYPRE_FMANGLE 0
| #define HYPRE_FMANGLE_BLAS 0
| #define HYPRE_FMANGLE_LAPACK 0
| #define F77_FUNC(name,NAME) name ## _
| #define F77_FUNC_(name,NAME) name ## _
| #define HYPRE_HAVE_MPI 1
| #define HAVE_MPI_COMM_F2C 1
| /* end confdefs.h.  */
| #include <ac_nonexistent.h>
configure:6742: checking for grep that handles long lines and -e
configure:6802: result: /usr/bin/grep
configure:6807: checking for egrep
configure:6871: result: /usr/bin/grep -E
configure:6876: checking whether MPI_Comm_f2c is a macro
configure:6902: result: no
configure:7451: checking for __gxx_personality_v0 in -lstdc++
configure:7494: mpicc -o conftest -g -O2   conftest.c -lstdc++     >&5
configure:7501: $? = 0
configure:7522: result: yes
configure:7829: checking for cabs in -lm
configure:7872: mpicc -o conftest -O2   conftest.c -lm     -lstdc++ >&5
conftest.c:32:6: warning: conflicting types for built-in function 'cabs' [enabled by default]
configure:7879: $? = 0
configure:7900: result: yes
configure:7915: checking the hostname
configure:7926: result: Janas-MBP-15-5.fritz.box
configure:7930: checking the architecture
configure:7961: result: x86_64
configure:8202: creating ./config.status

## ---------------------- ##
## Running config.status. ##
## ---------------------- ##

This file was extended by hypre config.status 2.10.0b, which was
generated by GNU Autoconf 2.63.  Invocation command line was

  CONFIG_FILES    = 
  CONFIG_HEADERS  = 
  CONFIG_LINKS    = 
  CONFIG_COMMANDS = 
  $ ./config.status 

on Janas-MBP-15-5.fritz.box

config.status:796: creating config/Makefile.config
config.status:796: creating HYPRE_config.h

## ---------------- ##
## Cache variables. ##
## ---------------- ##

ac_cv_build=i686-apple-darwin14.1.0
ac_cv_c_compiler_gnu=yes
ac_cv_cxx_compiler_gnu=yes
ac_cv_env_CCC_set=
ac_cv_env_CCC_value=
ac_cv_env_CC_set=
ac_cv_env_CC_value=
ac_cv_env_CFLAGS_set=
ac_cv_env_CFLAGS_value=
ac_cv_env_CPPFLAGS_set=
ac_cv_env_CPPFLAGS_value=
ac_cv_env_CPP_set=
ac_cv_env_CPP_value=
ac_cv_env_CXXFLAGS_set=
ac_cv_env_CXXFLAGS_value=
ac_cv_env_CXX_set=
ac_cv_env_CXX_value=
ac_cv_env_F77_set=
ac_cv_env_F77_value=
ac_cv_env_FFLAGS_set=
ac_cv_env_FFLAGS_value=
ac_cv_env_LDFLAGS_set=
ac_cv_env_LDFLAGS_value=
ac_cv_env_LIBS_set=
ac_cv_env_LIBS_value=
ac_cv_env_build_alias_set=
ac_cv_env_build_alias_value=
ac_cv_env_host_alias_set=
ac_cv_env_host_alias_value=
ac_cv_env_target_alias_set=
ac_cv_env_target_alias_value=
ac_cv_f77_compiler_gnu=yes
ac_cv_f77_dummy_main=none
ac_cv_f77_libs=' -L/usr/local/lib -L/opt/local/lib/gcc47/gcc/x86_64-apple-darwin14/4.7.4 -L/opt/local/lib/gcc47/gcc/x86_64-apple-darwin14/4.7.4/../../.. -lmpi_usempi -lmpi_mpifh -lmpi -lgfortran -lquadmath -lm'
ac_cv_f77_mangling='lower case, underscore, no extra underscore'
ac_cv_fortran_dummy_main=none
ac_cv_func_MPI_Comm_f2c=yes
ac_cv_func_MPI_Init=yes
ac_cv_host=i686-apple-darwin14.1.0
ac_cv_lib_m_cabs=yes
ac_cv_lib_stdcpp___gxx_personality_v0=yes
ac_cv_objext=o
ac_cv_path_EGREP='/usr/bin/grep -E'
ac_cv_path_GREP=/usr/bin/grep
ac_cv_prog_CC=mpicc
ac_cv_prog_CPP='mpicc -E'
ac_cv_prog_CXX=mpiCC
ac_cv_prog_F77=mpif77
ac_cv_prog_ac_ct_RANLIB=ranlib
ac_cv_prog_cc_c89=
ac_cv_prog_cc_g=yes
ac_cv_prog_cxx_g=yes
ac_cv_prog_f77_g=yes
ac_cv_prog_f77_v=-v
ac_cv_prog_make_make_set=yes
hypre_cv_func_MPI_Comm_f2c_macro=no

## ----------------- ##
## Output variables. ##
## ----------------- ##

AR='ar -rcu'
BABELDIR=''
BLASLIBDIRS=''
BLASLIBS=''
BUILD_CC_SHARED=''
BUILD_CXX_SHARED=''
BUILD_F77_SHARED=''
BUILD_JAVA='0'
BUILD_PYTHON='0'
CC='mpicc'
CFLAGS='-O2'
CPP='mpicc -E'
CPPFLAGS=''
CXX='mpiCC'
CXXFLAGS='-O2'
DEFS='-DHAVE_CONFIG_H'
ECHO_C='\c'
ECHO_N=''
ECHO_T=''
EGREP='/usr/bin/grep -E'
EXAMPLEDIR=''
EXEEXT=''
F77='mpif77'
F77FLAGS=''
FFLAGS='-O2'
FLIBS=' -L/usr/local/lib -L/opt/local/lib/gcc47/gcc/x86_64-apple-darwin14/4.7.4 -L/opt/local/lib/gcc47/gcc/x86_64-apple-darwin14/4.7.4/../../.. -lmpi_usempi -lmpi_mpifh -lmpi -lgfortran -lquadmath -lm'
GREP='/usr/bin/grep'
HOSTNAME='Janas-MBP-15-5.fritz.box'
HYPRE_ARCH='x86_64'
HYPRE_BLAS_FILES='/Users/lipkova/WORK/Glioma/Hypre/hypre-2.10.0b/src/blas/*.o'
HYPRE_BLAS_SRC_DIR='/Users/lipkova/WORK/Glioma/Hypre/hypre-2.10.0b/src/blas'
HYPRE_BUGS='hypre-support@llnl.gov'
HYPRE_DATE='2015/01/22'
HYPRE_FEI_BASE_DIR='/Users/lipkova/WORK/Glioma/Hypre/hypre-2.10.0b/src/FEI_mv/fei-base'
HYPRE_FEI_FEMLI_FILES='/Users/lipkova/WORK/Glioma/Hypre/hypre-2.10.0b/src/FEI_mv/femli/*.o'
HYPRE_FEI_HYPRE_FILES='/Users/lipkova/WORK/Glioma/Hypre/hypre-2.10.0b/src/FEI_mv/fei-hypre/*.o'
HYPRE_FEI_SRC_DIR='/Users/lipkova/WORK/Glioma/Hypre/hypre-2.10.0b/src/FEI_mv'
HYPRE_FEI_SUBDIRS='SuperLU femli fei-hypre'
HYPRE_FEI_SUPERLU_FILES='/Users/lipkova/WORK/Glioma/Hypre/hypre-2.10.0b/src/FEI_mv/SuperLU/SRC/*.o'
HYPRE_INCINSTALL='${prefix}/include'
HYPRE_INSTALLDIR='NONE'
HYPRE_LAPACK_FILES='/Users/lipkova/WORK/Glioma/Hypre/hypre-2.10.0b/src/lapack/*.o'
HYPRE_LAPACK_SRC_DIR='/Users/lipkova/WORK/Glioma/Hypre/hypre-2.10.0b/src/lapack'
HYPRE_LIBINSTALL='${exec_prefix}/lib'
HYPRE_LIBSUFFIX='.a'
HYPRE_NAME='hypre'
HYPRE_SRCDIR='/Users/lipkova/WORK/Glioma/Hypre/hypre-2.10.0b/src'
HYPRE_TIME='00:00:00'
HYPRE_VERSION='2.10.0b'
LAPACKLIBDIRS=''
LAPACKLIBS=''
LDFLAGS=''
LIBOBJS=''
LIBS='   -lstdc++ -lm'
LINK_CC='mpicc'
LINK_CXX='mpiCC'
LINK_F77='mpif77'
LTLIBOBJS=''
MPIFLAGS=''
MPIINCLUDE=''
MPILIBDIRS=''
MPILIBS=' '
OBJEXT='o'
PACKAGE_BUGREPORT=''
PACKAGE_NAME=''
PACKAGE_STRING=''
PACKAGE_TARNAME=''
PACKAGE_VERSION=''
PATH_SEPARATOR=':'
PYTHON=''
RANLIB='ranlib'
SET_MAKE=''
SHARED_BUILD_FLAG=''
SHARED_COMPILE_FLAG=''
SHARED_OPTIONS=''
SHARED_SET_SONAME=''
SHELL='/bin/sh'
ac_ct_CC=''
ac_ct_CXX=''
ac_ct_F77=''
bindir='${exec_prefix}/bin'
build='i686-apple-darwin14.1.0'
build_alias=''
build_cpu='i686'
build_os='darwin14.1.0'
build_vendor='apple'
datadir='${datarootdir}'
datarootdir='${prefix}/share'
docdir='${datarootdir}/doc/${PACKAGE_TARNAME}'
dvidir='${docdir}'
exec_prefix='${prefix}'
host='i686-apple-darwin14.1.0'
host_alias=''
host_cpu='i686'
host_os='darwin14.1.0'
host_vendor='apple'
htmldir='${docdir}'
includedir='${prefix}/include'
infodir='${datarootdir}/info'
libdir='${exec_prefix}/lib'
libexecdir='${exec_prefix}/libexec'
localedir='${datarootdir}/locale'
localstatedir='${prefix}/var'
mandir='${datarootdir}/man'
oldincludedir='/usr/include'
pdfdir='${docdir}'
prefix='/Users/lipkova/WORK/Glioma/Hypre/hypre-2.10.0b/src/hypre'
program_transform_name='s,x,x,'
psdir='${docdir}'
sbindir='${exec_prefix}/sbin'
sharedstatedir='${prefix}/com'
subdirs=''
sysconfdir='${prefix}/etc'
target_alias=''

## ----------- ##
## confdefs.h. ##
## ----------- ##

#define PACKAGE_NAME "hypre"
#define PACKAGE_TARNAME "hypre"
#define PACKAGE_VERSION "2.10.0b"
#define PACKAGE_STRING "hypre 2.10.0b"
#define PACKAGE_BUGREPORT ""
#define HYPRE_RELEASE_NAME "hypre"
#define HYPRE_RELEASE_VERSION "2.10.0b"
#define HYPRE_RELEASE_DATE "2015/01/22"
#define HYPRE_RELEASE_TIME "00:00:00"
#define HYPRE_RELEASE_BUGS "hypre-support@llnl.gov"
#define HYPRE_MAXDIM 3
#define HYPRE_FMANGLE 0
#define HYPRE_FMANGLE_BLAS 0
#define HYPRE_FMANGLE_LAPACK 0
#define F77_FUNC(name,NAME) name ## _
#define F77_FUNC_(name,NAME) name ## _
#define HYPRE_HAVE_MPI 1
#define HAVE_MPI_COMM_F2C 1
#define HYPRE_HAVE_MPI_COMM_F2C 1
#define HYPRE_NO_GLOBAL_PARTITION 1
#define HYPRE_USING_HYPRE_BLAS 1
#define HYPRE_USING_HYPRE_LAPACK 1

configure: exit 0
